<?xml version="1.0" encoding="UTF-8"?>
<!-- Generated by org.testng.reporters.JUnitReportReporter -->
<testsuite skipped="0" hostname="LAPTOP-QS5U4P3G" name="com.testcases.Mobile" tests="4" failures="0" timestamp="2020-08-17T10:01:35 IST" time="98.137" errors="0">
  <testcase name="validate_mobilepage_title" time="25.334" classname="com.testcases.Mobile"/>
  <system-out/>
  <testcase name="get_text_test" time="22.821" classname="com.testcases.Mobile"/>
  <system-out/>
  <testcase name="search_method_test" time="24.816" classname="com.testcases.Mobile"/>
  <system-out/>
  <testcase name="go_to_test" time="25.166" classname="com.testcases.Mobile"/>
  <system-out/>
</testsuite> <!-- com.testcases.Mobile -->
